INFO:root:Starting the Json Server...
INFO:root:Json Server started and the process id is : <subprocess.Popen object at 0x000001E01ACBF248>
INFO:root:Checking if the endpoint is working or not
INFO:root:Response code post starting the server : 200
INFO:root:Creating a new user
INFO:root:Response of create user api : 201
INFO:root:Creating a new user...
INFO:root:Creating a user
INFO:root:Server PID :10828
INFO:root:Please Close the Server, Stopping the server automatically is pending...
INFO:root:Starting the Json Server...
INFO:root:Json Server started and the process id is : <subprocess.Popen object at 0x000001E97193F448>
INFO:root:Checking if the endpoint is working or not
INFO:root:Response code post starting the server : 200
INFO:root:Creating a new user
INFO:root:Response of create user api : 201
INFO:root:Validating the user details created via get api ...
INFO:root:User details verified successfully
INFO:root:Creating a new user...
INFO:root:Status code of the create user api : 201
INFO:root:updating the user details via PATCH api...
INFO:root:Response of the update api : 200
INFO:root:Validating the changes made to the user details...
INFO:root:User details verified successfully post updating
INFO:root:Creating a user
INFO:root:User Created Successfully
INFO:root:Getting the details of the created user via GET api, response : 200
INFO:root:Deleting the user...
INFO:root:User deleted successfully...
INFO:root:Server PID :14732
INFO:root:Please Close the Server, Stopping the server automatically is pending...
